<?xml version="1.0" encoding="UTF-8"?>
<!-- Generated by org.testng.reporters.JUnitReportReporter -->
<testsuite hostname="CBT-CAB3-04" name="com.Liqvid.Script.TeacherFunctionTest" tests="1" failures="0" timestamp="22 Mar 2017 12:00:31 GMT" time="113.840" errors="0">
  <testcase name="ResumeSession" time="113.840" classname="com.Liqvid.Script.TeacherFunctionTest"/>
</testsuite> <!-- com.Liqvid.Script.TeacherFunctionTest -->
