<?xml version="1.0" encoding="UTF-8"?>
<!-- Generated by org.testng.reporters.JUnitReportReporter -->
<testsuite hostname="CBT-CAB3-04" name="com.Liqvid.Script.TeacherPageLevel" tests="1" failures="0" timestamp="22 Mar 2017 11:57:47 GMT" time="39.485" errors="0">
  <testcase name="preAssessmentInstruction" time="39.485" classname="com.Liqvid.Script.TeacherPageLevel"/>
</testsuite> <!-- com.Liqvid.Script.TeacherPageLevel -->
